
14:57:10  Ouverture fichier de configuration
14:57:10  Fermeture fichier de configuration
15:34:33  Ouverture fichier de configuration
15:34:33  Fermeture du fichier de configuration
15:34:33  Fermeture du fichier de configuration
15:35:18  Ouverture fichier de configuration
15:35:18  Fermeture du fichier de configuration
15:35:18  Fermeture du fichier de configuration
15:35:24  Ouverture fichier de configuration
15:35:24  Fermeture du fichier de configuration
15:35:24  Fermeture du fichier de configuration
15:35:38  Ouverture fichier de configuration
15:35:38  Fermeture du fichier de configuration
15:35:38  Fermeture du fichier de configuration
15:36:32  Ouverture fichier de configuration
15:36:32  Fermeture du fichier de configuration
15:36:32  Fermeture du fichier de configuration
15:36:32  Envoi du mail
15:36:48  Ouverture fichier de configuration
15:36:48  Fermeture du fichier de configuration
15:36:48  Fermeture du fichier de configuration
15:36:48  Envoi du mail
15:36:48  Création de la pièce-jointe
15:37:13  Ouverture fichier de configuration
15:37:13  Fermeture du fichier de configuration
15:37:13  Fermeture du fichier de configuration
15:37:13  Envoi du mail
15:37:13  Création de la pièce-jointe
15:37:49  Ouverture fichier de configuration
15:37:49  Fermeture du fichier de configuration
15:37:49  Fermeture du fichier de configuration
15:37:49  Envoi du mail
15:37:49  Création de la pièce-jointe
15:38:19  Ouverture fichier de configuration
15:38:19  Fermeture du fichier de configuration
15:38:19  Fermeture du fichier de configuration
15:38:19  Envoi du mail
15:38:19  Création de la pièce-jointe